Exception: Error reading SSH protocol banner
Traceback (most recent call last):
  File "/home/ubuntu/.local/lib/python3.6/site-packages/paramiko/transport.py", line 2211, in _check_banner
    buf = self.packetizer.readline(timeout)
  File "/home/ubuntu/.local/lib/python3.6/site-packages/paramiko/packet.py", line 380, in readline
    buf += self._read_timeout(timeout)
  File "/home/ubuntu/.local/lib/python3.6/site-packages/paramiko/packet.py", line 622, in _read_timeout
    raise socket.timeout()
socket.timeout

During handling of the above exception, another exception occurred:

Traceback (most recent call last):
  File "/home/ubuntu/.local/lib/python3.6/site-packages/paramiko/transport.py", line 2039, in run
    self._check_banner()
  File "/home/ubuntu/.local/lib/python3.6/site-packages/paramiko/transport.py", line 2216, in _check_banner
    "Error reading SSH protocol banner" + str(e)
paramiko.ssh_exception.SSHException: Error reading SSH protocol banner

Exception in thread Thread-121:
Traceback (most recent call last):
  File "/home/ubuntu/.local/lib/python3.6/site-packages/paramiko/transport.py", line 2211, in _check_banner
    buf = self.packetizer.readline(timeout)
  File "/home/ubuntu/.local/lib/python3.6/site-packages/paramiko/packet.py", line 380, in readline
    buf += self._read_timeout(timeout)
  File "/home/ubuntu/.local/lib/python3.6/site-packages/paramiko/packet.py", line 622, in _read_timeout
    raise socket.timeout()
socket.timeout

During handling of the above exception, another exception occurred:

Traceback (most recent call last):
  File "/usr/lib/python3.6/threading.py", line 916, in _bootstrap_inner
    self.run()
  File "/usr/lib/python3.6/threading.py", line 864, in run
    self._target(*self._args, **self._kwargs)
  File "./runner.py", line 229, in run_on_remote
    password=machine.username)
  File "/home/ubuntu/.local/lib/python3.6/site-packages/paramiko/client.py", line 406, in connect
    t.start_client(timeout=timeout)
  File "/home/ubuntu/.local/lib/python3.6/site-packages/paramiko/transport.py", line 660, in start_client
    raise e
  File "/home/ubuntu/.local/lib/python3.6/site-packages/paramiko/transport.py", line 2039, in run
    self._check_banner()
  File "/home/ubuntu/.local/lib/python3.6/site-packages/paramiko/transport.py", line 2216, in _check_banner
    "Error reading SSH protocol banner" + str(e)
paramiko.ssh_exception.SSHException: Error reading SSH protocol banner

sc2 finished command sudo rm -rf ${DATA_DIR=/data}/* with status 0
sc3 finished command sudo rm -rf ${DATA_DIR=/data}/* with status 0
sc5 finished command sudo rm -rf ${DATA_DIR=/data}/* with status 0
create master at address 192.168.208.108. Port is implicit (9494).
sc4 finished command sudo rm -rf ${DATA_DIR=/data}/* with status 0
create slave 0
create slave 1
create slave 2
create slave 3
create slave 4
create slave 5
create slave 6
create slave 7
create slave 8
create slave 9
create slave 10
create slave 11
create slave 12
create slave 13
create slave 14
create slave 15
create slave 16
create slave 17
create slave 18
create slave 19
create slave 20
create slave 21
create slave 22
create slave 23
create slave 24
create slave 25
create slave 26
create slave 27
create slave 28
create slave 29
create slave 30
create slave 31
create slave 32
create slave 33
create slave 34
create slave 35
create slave 36
create slave 37
create slave 38
create slave 39
create slave 40
create slave 41
create slave 42
create slave 43
create slave 44
create slave 45
create slave 46
create slave 47
create slave 48
create slave 49
create slave 50
create slave 51
create slave 52
create slave 53
create slave 54
create slave 55
create slave 56
create slave 57
create slave 58
create slave 59
create slave 60
create slave 61
create slave 62
create slave 63
create slave 64
create slave 65
create slave 66
create slave 67
create slave 68
create slave 69
create slave 70
create slave 71
create slave 72
create slave 73
create slave 74
create slave 75
create slave 76
create slave 77
create slave 78
create slave 79
create slave 80
create slave 81
create slave 82
create slave 83
create slave 84
create slave 85
create slave 86
create slave 87
create slave 88
create slave 89
create slave 90
create slave 91
create slave 92
create slave 93
create slave 94
create slave 95
create slave 96
create slave 97
create slave 98
create slave 99
sc5 finished command ./runner.py slaves --nodesCount 100 --masterAddr 192.168.208.108 with status 0
sc4 finished command ./runner.py slaves --nodesCount 100 --masterAddr 192.168.208.108 with status 0
sc2 finished command ./runner.py slaves --nodesCount 100 --masterAddr 192.168.208.108 with status 0
sc3 finished command ./runner.py slaves --nodesCount 100 --masterAddr 192.168.208.108 with status 0
sc5 finished command timeout 360000 sh -c 'while [ $(ls -l ${DATA_DIR=/data}/*/blocks/metadata_10.xml | wc -l) -eq 0 ] || [ $(ls -l ${DATA_DIR=/data}/*/blocks/metadata_10.xml | wc -l) -ne $(ls -l ${DATA_DIR=/data}/*/blocks/metadata_25.xml | wc -l) ]; do sleep 10; done' with status 0
sc4 finished command timeout 360000 sh -c 'while [ $(ls -l ${DATA_DIR=/data}/*/blocks/metadata_10.xml | wc -l) -eq 0 ] || [ $(ls -l ${DATA_DIR=/data}/*/blocks/metadata_10.xml | wc -l) -ne $(ls -l ${DATA_DIR=/data}/*/blocks/metadata_25.xml | wc -l) ]; do sleep 10; done' with status 0
localhost finished command timeout 360000 sh -c 'while [ $(ls -l ${DATA_DIR=/data}/*/blocks/metadata_10.xml | wc -l) -eq 0 ] || [ $(ls -l ${DATA_DIR=/data}/*/blocks/metadata_10.xml | wc -l) -ne $(ls -l ${DATA_DIR=/data}/*/blocks/metadata_25.xml | wc -l) ]; do sleep 10; done' with status 0
sc2 finished command timeout 360000 sh -c 'while [ $(ls -l ${DATA_DIR=/data}/*/blocks/metadata_10.xml | wc -l) -eq 0 ] || [ $(ls -l ${DATA_DIR=/data}/*/blocks/metadata_10.xml | wc -l) -ne $(ls -l ${DATA_DIR=/data}/*/blocks/metadata_25.xml | wc -l) ]; do sleep 10; done' with status 0
sc3 finished command timeout 360000 sh -c 'while [ $(ls -l ${DATA_DIR=/data}/*/blocks/metadata_10.xml | wc -l) -eq 0 ] || [ $(ls -l ${DATA_DIR=/data}/*/blocks/metadata_10.xml | wc -l) -ne $(ls -l ${DATA_DIR=/data}/*/blocks/metadata_25.xml | wc -l) ]; do sleep 10; done' with status 0
remove slave_99
remove slave_98
remove slave_97
remove slave_96
remove slave_95
remove slave_94
remove slave_93
remove slave_92
remove slave_91
remove slave_90
remove slave_89
remove slave_88
remove slave_87
remove slave_86
remove slave_85
remove slave_84
remove slave_83
remove slave_82
remove slave_81
remove slave_80
remove slave_79
remove slave_78
remove slave_77
remove slave_76
remove slave_75
remove slave_74
remove slave_73
remove slave_72
remove slave_71
remove slave_70
remove slave_69
remove slave_68
remove slave_67
remove slave_66
remove slave_65
remove slave_64
remove slave_63
remove slave_62
remove slave_61
remove slave_60
remove slave_59
remove slave_58
remove slave_57
remove slave_56
remove slave_55
remove slave_54
remove slave_53
remove slave_52
remove slave_51
remove slave_50
remove slave_49
remove slave_48
remove slave_47
remove slave_46
remove slave_45
remove slave_44
remove slave_43
remove slave_42
remove slave_41
remove slave_40
remove slave_39
remove slave_38
remove slave_37
remove slave_36
remove slave_35
remove slave_34
remove slave_33
remove slave_32
remove slave_31
remove slave_30
remove slave_29
remove slave_28
remove slave_27
remove slave_26
remove slave_25
remove slave_24
remove slave_23
remove slave_22
remove slave_21
remove slave_20
remove slave_19
remove slave_18
remove slave_17
remove slave_16
remove slave_15
remove slave_14
remove slave_13
remove slave_12
remove slave_11
remove slave_10
remove slave_9
remove slave_8
remove slave_7
remove slave_6
remove slave_5
remove slave_4
remove slave_3
remove slave_2
remove slave_1
remove slave_0
remove master
sc5 finished command ./runner.py clear  with status 0
sc4 finished command ./runner.py clear  with status 0
sc2 finished command ./runner.py clear  with status 0
sc5 finished command ./runner.py clear -F with status 2
sc4 finished command ./runner.py clear -F with status 2
sc2 finished command ./runner.py clear -F with status 2
sc3 finished command ./runner.py clear -F with status 2
sc2 finished command rsync --exclude='*log' --exclude='*block_*' -r sc2:${DATA_DIR=/data}/* /data/sc1/../sc2 with status 0
sc3 finished command rsync --exclude='*log' --exclude='*block_*' -r sc3:${DATA_DIR=/data}/* /data/sc1/../sc3 with status 0
sc4 finished command rsync --exclude='*log' --exclude='*block_*' -r sc4:${DATA_DIR=/data}/* /data/sc1/../sc4 with status 0
sc5 finished command rsync --exclude='*log' --exclude='*block_*' -r sc5:${DATA_DIR=/data}/* /data/sc1/../sc5 with status 0
